{"C:\\Users\\user\\PLP-MERN-Stack-Developmentweek-6-test-debug-assignment-DevZoeKitonyi\\week-6-test-debug-assignment-DevZoeKitonyi\\server\\src\\app.js": {"path":"C:\\Users\\user\\PLP-MERN-Stack-Developmentweek-6-test-debug-assignment-DevZoeKitonyi\\week-6-test-debug-assignment-DevZoeKitonyi\\server\\src\\app.js","statementMap":{"0":{"start":{"line":1,"column":16},"end":{"line":1,"column":34}},"1":{"start":{"line":2,"column":12},"end":{"line":2,"column":21}},"2":{"start":{"line":4,"column":0},"end":{"line":4,"column":24}},"3":{"start":{"line":6,"column":19},"end":{"line":6,"column":44}},"4":{"start":{"line":7,"column":19},"end":{"line":7,"column":43}},"5":{"start":{"line":9,"column":0},"end":{"line":11,"column":3}},"6":{"start":{"line":10,"column":2},"end":{"line":10,"column":27}},"7":{"start":{"line":13,"column":0},"end":{"line":13,"column":34}},"8":{"start":{"line":14,"column":0},"end":{"line":14,"column":33}},"9":{"start":{"line":16,"column":0},"end":{"line":16,"column":25}}},"fnMap":{"0":{"name":"(anonymous_0)","decl":{"start":{"line":9,"column":13},"end":{"line":9,"column":14}},"loc":{"start":{"line":9,"column":27},"end":{"line":11,"column":1}},"line":9}},"branchMap":{},"s":{"0":1,"1":1,"2":1,"3":1,"4":1,"5":1,"6":1,"7":1,"8":1,"9":1},"f":{"0":1},"b":{},"_coverageSchema":"1a1c01bbd47fc00a2c39e90264f33305004495a9","hash":"41890a73c835c2f5c776ac7ac6bf6b856889ae73"}
,"C:\\Users\\user\\PLP-MERN-Stack-Developmentweek-6-test-debug-assignment-DevZoeKitonyi\\week-6-test-debug-assignment-DevZoeKitonyi\\server\\src\\middleware\\auth.js": {"path":"C:\\Users\\user\\PLP-MERN-Stack-Developmentweek-6-test-debug-assignment-DevZoeKitonyi\\week-6-test-debug-assignment-DevZoeKitonyi\\server\\src\\middleware\\auth.js","statementMap":{"0":{"start":{"line":1,"column":12},"end":{"line":1,"column":35}},"1":{"start":{"line":2,"column":13},"end":{"line":2,"column":38}},"2":{"start":{"line":4,"column":16},"end":{"line":24,"column":1}},"3":{"start":{"line":7,"column":2},"end":{"line":19,"column":3}},"4":{"start":{"line":11,"column":4},"end":{"line":18,"column":5}},"5":{"start":{"line":12,"column":6},"end":{"line":12,"column":54}},"6":{"start":{"line":13,"column":22},"end":{"line":13,"column":58}},"7":{"start":{"line":14,"column":6},"end":{"line":14,"column":69}},"8":{"start":{"line":15,"column":6},"end":{"line":15,"column":13}},"9":{"start":{"line":17,"column":6},"end":{"line":17,"column":70}},"10":{"start":{"line":21,"column":2},"end":{"line":23,"column":3}},"11":{"start":{"line":22,"column":4},"end":{"line":22,"column":64}},"12":{"start":{"line":26,"column":0},"end":{"line":26,"column":29}}},"fnMap":{"0":{"name":"(anonymous_0)","decl":{"start":{"line":4,"column":16},"end":{"line":4,"column":17}},"loc":{"start":{"line":4,"column":42},"end":{"line":24,"column":1}},"line":4}},"branchMap":{"0":{"loc":{"start":{"line":7,"column":2},"end":{"line":19,"column":3}},"type":"if","locations":[{"start":{"line":7,"column":2},"end":{"line":19,"column":3}},{"start":{},"end":{}}],"line":7},"1":{"loc":{"start":{"line":8,"column":4},"end":{"line":9,"column":50}},"type":"binary-expr","locations":[{"start":{"line":8,"column":4},"end":{"line":8,"column":29}},{"start":{"line":9,"column":4},"end":{"line":9,"column":50}}],"line":8},"2":{"loc":{"start":{"line":21,"column":2},"end":{"line":23,"column":3}},"type":"if","locations":[{"start":{"line":21,"column":2},"end":{"line":23,"column":3}},{"start":{},"end":{}}],"line":21}},"s":{"0":1,"1":1,"2":1,"3":0,"4":0,"5":0,"6":0,"7":0,"8":0,"9":0,"10":0,"11":0,"12":1},"f":{"0":0},"b":{"0":[0,0],"1":[0,0],"2":[0,0]},"_coverageSchema":"1a1c01bbd47fc00a2c39e90264f33305004495a9","hash":"ed3edd37aec3c616a14553e299a305a49792e893"}
,"C:\\Users\\user\\PLP-MERN-Stack-Developmentweek-6-test-debug-assignment-DevZoeKitonyi\\week-6-test-debug-assignment-DevZoeKitonyi\\server\\src\\models\\Post.js": {"path":"C:\\Users\\user\\PLP-MERN-Stack-Developmentweek-6-test-debug-assignment-DevZoeKitonyi\\week-6-test-debug-assignment-DevZoeKitonyi\\server\\src\\models\\Post.js","statementMap":{"0":{"start":{"line":1,"column":17},"end":{"line":1,"column":36}},"1":{"start":{"line":3,"column":19},"end":{"line":9,"column":24}},"2":{"start":{"line":11,"column":0},"end":{"line":11,"column":52}}},"fnMap":{},"branchMap":{},"s":{"0":1,"1":1,"2":1},"f":{},"b":{},"_coverageSchema":"1a1c01bbd47fc00a2c39e90264f33305004495a9","hash":"64d8ec1eec45e5f4c0804a7938b2f4866989cf17"}
,"C:\\Users\\user\\PLP-MERN-Stack-Developmentweek-6-test-debug-assignment-DevZoeKitonyi\\week-6-test-debug-assignment-DevZoeKitonyi\\server\\src\\models\\User.js": {"path":"C:\\Users\\user\\PLP-MERN-Stack-Developmentweek-6-test-debug-assignment-DevZoeKitonyi\\week-6-test-debug-assignment-DevZoeKitonyi\\server\\src\\models\\User.js","statementMap":{"0":{"start":{"line":1,"column":17},"end":{"line":1,"column":36}},"1":{"start":{"line":3,"column":19},"end":{"line":7,"column":24}},"2":{"start":{"line":9,"column":0},"end":{"line":9,"column":52}}},"fnMap":{},"branchMap":{},"s":{"0":1,"1":1,"2":1},"f":{},"b":{},"_coverageSchema":"1a1c01bbd47fc00a2c39e90264f33305004495a9","hash":"22acdcb70668c48944acef3c184f58c4d4fe8aaf"}
,"C:\\Users\\user\\PLP-MERN-Stack-Developmentweek-6-test-debug-assignment-DevZoeKitonyi\\week-6-test-debug-assignment-DevZoeKitonyi\\server\\src\\routes\\auth.js": {"path":"C:\\Users\\user\\PLP-MERN-Stack-Developmentweek-6-test-debug-assignment-DevZoeKitonyi\\week-6-test-debug-assignment-DevZoeKitonyi\\server\\src\\routes\\auth.js","statementMap":{"0":{"start":{"line":1,"column":16},"end":{"line":1,"column":34}},"1":{"start":{"line":2,"column":15},"end":{"line":2,"column":31}},"2":{"start":{"line":3,"column":13},"end":{"line":3,"column":38}},"3":{"start":{"line":4,"column":26},"end":{"line":4,"column":50}},"4":{"start":{"line":6,"column":0},"end":{"line":23,"column":3}},"5":{"start":{"line":7,"column":2},"end":{"line":22,"column":3}},"6":{"start":{"line":8,"column":35},"end":{"line":8,"column":43}},"7":{"start":{"line":9,"column":17},"end":{"line":9,"column":49}},"8":{"start":{"line":10,"column":4},"end":{"line":19,"column":5}},"9":{"start":{"line":11,"column":6},"end":{"line":16,"column":9}},"10":{"start":{"line":18,"column":6},"end":{"line":18,"column":70}},"11":{"start":{"line":21,"column":4},"end":{"line":21,"column":51}},"12":{"start":{"line":25,"column":0},"end":{"line":25,"column":24}}},"fnMap":{"0":{"name":"(anonymous_0)","decl":{"start":{"line":6,"column":22},"end":{"line":6,"column":23}},"loc":{"start":{"line":6,"column":42},"end":{"line":23,"column":1}},"line":6}},"branchMap":{"0":{"loc":{"start":{"line":10,"column":4},"end":{"line":19,"column":5}},"type":"if","locations":[{"start":{"line":10,"column":4},"end":{"line":19,"column":5}},{"start":{"line":17,"column":11},"end":{"line":19,"column":5}}],"line":10},"1":{"loc":{"start":{"line":10,"column":8},"end":{"line":10,"column":42}},"type":"binary-expr","locations":[{"start":{"line":10,"column":8},"end":{"line":10,"column":12}},{"start":{"line":10,"column":16},"end":{"line":10,"column":42}}],"line":10}},"s":{"0":1,"1":1,"2":1,"3":1,"4":1,"5":0,"6":0,"7":0,"8":0,"9":0,"10":0,"11":0,"12":1},"f":{"0":0},"b":{"0":[0,0],"1":[0,0]},"_coverageSchema":"1a1c01bbd47fc00a2c39e90264f33305004495a9","hash":"3467ead6240678dc681cc912c2fbf053be1c45e5"}
,"C:\\Users\\user\\PLP-MERN-Stack-Developmentweek-6-test-debug-assignment-DevZoeKitonyi\\week-6-test-debug-assignment-DevZoeKitonyi\\server\\src\\routes\\posts.js": {"path":"C:\\Users\\user\\PLP-MERN-Stack-Developmentweek-6-test-debug-assignment-DevZoeKitonyi\\week-6-test-debug-assignment-DevZoeKitonyi\\server\\src\\routes\\posts.js","statementMap":{"0":{"start":{"line":1,"column":16},"end":{"line":1,"column":34}},"1":{"start":{"line":2,"column":15},"end":{"line":2,"column":31}},"2":{"start":{"line":3,"column":13},"end":{"line":3,"column":38}},"3":{"start":{"line":4,"column":13},"end":{"line":4,"column":38}},"4":{"start":{"line":5,"column":20},"end":{"line":5,"column":49}},"5":{"start":{"line":8,"column":0},"end":{"line":23,"column":3}},"6":{"start":{"line":9,"column":2},"end":{"line":22,"column":3}},"7":{"start":{"line":10,"column":41},"end":{"line":10,"column":49}},"8":{"start":{"line":11,"column":17},"end":{"line":11,"column":57}},"9":{"start":{"line":12,"column":17},"end":{"line":18,"column":6}},"10":{"start":{"line":19,"column":4},"end":{"line":19,"column":31}},"11":{"start":{"line":21,"column":4},"end":{"line":21,"column":51}},"12":{"start":{"line":26,"column":0},"end":{"line":38,"column":3}},"13":{"start":{"line":27,"column":2},"end":{"line":37,"column":3}},"14":{"start":{"line":28,"column":47},"end":{"line":28,"column":56}},"15":{"start":{"line":29,"column":18},"end":{"line":29,"column":46}},"16":{"start":{"line":30,"column":18},"end":{"line":33,"column":13}},"17":{"start":{"line":34,"column":4},"end":{"line":34,"column":32}},"18":{"start":{"line":36,"column":4},"end":{"line":36,"column":51}},"19":{"start":{"line":41,"column":0},"end":{"line":51,"column":3}},"20":{"start":{"line":42,"column":2},"end":{"line":50,"column":3}},"21":{"start":{"line":43,"column":17},"end":{"line":43,"column":51}},"22":{"start":{"line":44,"column":4},"end":{"line":46,"column":5}},"23":{"start":{"line":45,"column":6},"end":{"line":45,"column":63}},"24":{"start":{"line":47,"column":4},"end":{"line":47,"column":31}},"25":{"start":{"line":49,"column":4},"end":{"line":49,"column":51}},"26":{"start":{"line":54,"column":0},"end":{"line":68,"column":3}},"27":{"start":{"line":55,"column":2},"end":{"line":67,"column":3}},"28":{"start":{"line":56,"column":17},"end":{"line":56,"column":51}},"29":{"start":{"line":57,"column":4},"end":{"line":59,"column":5}},"30":{"start":{"line":58,"column":6},"end":{"line":58,"column":63}},"31":{"start":{"line":60,"column":4},"end":{"line":62,"column":5}},"32":{"start":{"line":61,"column":6},"end":{"line":61,"column":68}},"33":{"start":{"line":63,"column":24},"end":{"line":63,"column":92}},"34":{"start":{"line":64,"column":4},"end":{"line":64,"column":38}},"35":{"start":{"line":66,"column":4},"end":{"line":66,"column":51}},"36":{"start":{"line":71,"column":0},"end":{"line":85,"column":3}},"37":{"start":{"line":72,"column":2},"end":{"line":84,"column":3}},"38":{"start":{"line":73,"column":17},"end":{"line":73,"column":51}},"39":{"start":{"line":74,"column":4},"end":{"line":76,"column":5}},"40":{"start":{"line":75,"column":6},"end":{"line":75,"column":63}},"41":{"start":{"line":77,"column":4},"end":{"line":79,"column":5}},"42":{"start":{"line":78,"column":6},"end":{"line":78,"column":68}},"43":{"start":{"line":80,"column":4},"end":{"line":80,"column":24}},"44":{"start":{"line":81,"column":4},"end":{"line":81,"column":54}},"45":{"start":{"line":83,"column":4},"end":{"line":83,"column":51}},"46":{"start":{"line":87,"column":0},"end":{"line":87,"column":24}}},"fnMap":{"0":{"name":"(anonymous_0)","decl":{"start":{"line":8,"column":26},"end":{"line":8,"column":27}},"loc":{"start":{"line":8,"column":46},"end":{"line":23,"column":1}},"line":8},"1":{"name":"(anonymous_1)","decl":{"start":{"line":26,"column":16},"end":{"line":26,"column":17}},"loc":{"start":{"line":26,"column":36},"end":{"line":38,"column":1}},"line":26},"2":{"name":"(anonymous_2)","decl":{"start":{"line":41,"column":19},"end":{"line":41,"column":20}},"loc":{"start":{"line":41,"column":39},"end":{"line":51,"column":1}},"line":41},"3":{"name":"(anonymous_3)","decl":{"start":{"line":54,"column":28},"end":{"line":54,"column":29}},"loc":{"start":{"line":54,"column":48},"end":{"line":68,"column":1}},"line":54},"4":{"name":"(anonymous_4)","decl":{"start":{"line":71,"column":31},"end":{"line":71,"column":32}},"loc":{"start":{"line":71,"column":51},"end":{"line":85,"column":1}},"line":71}},"branchMap":{"0":{"loc":{"start":{"line":28,"column":22},"end":{"line":28,"column":30}},"type":"default-arg","locations":[{"start":{"line":28,"column":29},"end":{"line":28,"column":30}}],"line":28},"1":{"loc":{"start":{"line":28,"column":32},"end":{"line":28,"column":42}},"type":"default-arg","locations":[{"start":{"line":28,"column":40},"end":{"line":28,"column":42}}],"line":28},"2":{"loc":{"start":{"line":29,"column":18},"end":{"line":29,"column":46}},"type":"cond-expr","locations":[{"start":{"line":29,"column":29},"end":{"line":29,"column":41}},{"start":{"line":29,"column":44},"end":{"line":29,"column":46}}],"line":29},"3":{"loc":{"start":{"line":44,"column":4},"end":{"line":46,"column":5}},"type":"if","locations":[{"start":{"line":44,"column":4},"end":{"line":46,"column":5}},{"start":{},"end":{}}],"line":44},"4":{"loc":{"start":{"line":57,"column":4},"end":{"line":59,"column":5}},"type":"if","locations":[{"start":{"line":57,"column":4},"end":{"line":59,"column":5}},{"start":{},"end":{}}],"line":57},"5":{"loc":{"start":{"line":60,"column":4},"end":{"line":62,"column":5}},"type":"if","locations":[{"start":{"line":60,"column":4},"end":{"line":62,"column":5}},{"start":{},"end":{}}],"line":60},"6":{"loc":{"start":{"line":74,"column":4},"end":{"line":76,"column":5}},"type":"if","locations":[{"start":{"line":74,"column":4},"end":{"line":76,"column":5}},{"start":{},"end":{}}],"line":74},"7":{"loc":{"start":{"line":77,"column":4},"end":{"line":79,"column":5}},"type":"if","locations":[{"start":{"line":77,"column":4},"end":{"line":79,"column":5}},{"start":{},"end":{}}],"line":77}},"s":{"0":1,"1":1,"2":1,"3":1,"4":1,"5":1,"6":0,"7":0,"8":0,"9":0,"10":0,"11":0,"12":1,"13":0,"14":0,"15":0,"16":0,"17":0,"18":0,"19":1,"20":0,"21":0,"22":0,"23":0,"24":0,"25":0,"26":1,"27":0,"28":0,"29":0,"30":0,"31":0,"32":0,"33":0,"34":0,"35":0,"36":1,"37":0,"38":0,"39":0,"40":0,"41":0,"42":0,"43":0,"44":0,"45":0,"46":1},"f":{"0":0,"1":0,"2":0,"3":0,"4":0},"b":{"0":[0],"1":[0],"2":[0,0],"3":[0,0],"4":[0,0],"5":[0,0],"6":[0,0],"7":[0,0]},"_coverageSchema":"1a1c01bbd47fc00a2c39e90264f33305004495a9","hash":"6db473e603b7daa38be16e57ee5536338219e8e0"}
,"C:\\Users\\user\\PLP-MERN-Stack-Developmentweek-6-test-debug-assignment-DevZoeKitonyi\\week-6-test-debug-assignment-DevZoeKitonyi\\server\\src\\utils\\auth.js": {"path":"C:\\Users\\user\\PLP-MERN-Stack-Developmentweek-6-test-debug-assignment-DevZoeKitonyi\\week-6-test-debug-assignment-DevZoeKitonyi\\server\\src\\utils\\auth.js","statementMap":{"0":{"start":{"line":1,"column":12},"end":{"line":1,"column":35}},"1":{"start":{"line":3,"column":22},"end":{"line":7,"column":1}},"2":{"start":{"line":4,"column":2},"end":{"line":6,"column":5}},"3":{"start":{"line":9,"column":0},"end":{"line":9,"column":35}}},"fnMap":{"0":{"name":"(anonymous_0)","decl":{"start":{"line":3,"column":22},"end":{"line":3,"column":23}},"loc":{"start":{"line":3,"column":32},"end":{"line":7,"column":1}},"line":3}},"branchMap":{},"s":{"0":1,"1":1,"2":0,"3":1},"f":{"0":0},"b":{},"_coverageSchema":"1a1c01bbd47fc00a2c39e90264f33305004495a9","hash":"32e33e640f6b48adb25552d86afb05b95214b6d1"}
}
